<?xml version="1.0" encoding="UTF-8"?>
<!-- Generated by org.testng.reporters.JUnitReportReporter -->
<testsuite hostname="SUNIL-HPZ400" failures="0" tests="1" name="test.SearchResultTest" time="2.433" errors="0" timestamp="2021-06-12T14:05:37 GST" skipped="0">
  <testcase classname="test.SearchResultTest" name="verifyLabel" time="2.433"/>
  <system-out/>
</testsuite> <!-- test.SearchResultTest -->
